[2025-08-19 20:19:32] uvicorn.error
[2025-08-19 20:19:32] Registering middleware: None
[2025-08-19 20:19:32] Registered route: Get /welcome
[2025-08-19 20:19:32] Registering middleware: None
[2025-08-19 20:19:32] Registered route: Get /products
[2025-08-19 20:19:32] Registering middleware: None
[2025-08-19 20:19:32] Registered route: Get /products/{id}
[2025-08-19 20:19:32] Registering middleware: None
[2025-08-19 20:19:32] Registered route: Delete /products/{id}
[2025-08-19 20:19:32] Registering middleware: None
[2025-08-19 20:19:32] Registered route: Put /products/{id}
[2025-08-19 20:19:32] Registering middleware: None
[2025-08-19 20:19:32] Registered route: GET /records
[2025-08-19 20:19:32] uvicorn.error
[2025-08-19 20:19:32] Registering middleware: None
[2025-08-19 20:19:32] Registered route: Get /welcome
[2025-08-19 20:19:32] Registering middleware: None
[2025-08-19 20:19:32] Registered route: Get /products
[2025-08-19 20:19:32] Registering middleware: None
[2025-08-19 20:19:32] Registered route: Get /products/{id}
[2025-08-19 20:19:32] Registering middleware: None
[2025-08-19 20:19:32] Registered route: Delete /products/{id}
[2025-08-19 20:19:32] Registering middleware: None
[2025-08-19 20:19:32] Registered route: Put /products/{id}
[2025-08-19 20:19:32] Registering middleware: None
[2025-08-19 20:19:32] Registered route: GET /records
